<?xml version="1.0" encoding="UTF-8"?>
<testsuite name="RectangleTest" tests="1" skipped="0" failures="0" errors="0" timestamp="2022-11-24T12:14:04" hostname="gurushifu-gurushifugitp-ef2w94fchsn" time="0.016">
  <properties/>
  <testcase name="shouldReturnAreaWhenLengthAndBreadthArePositive()" classname="RectangleTest" time="0.016"/>
  <system-out><![CDATA[]]></system-out>
  <system-err><![CDATA[]]></system-err>
</testsuite>
